C51 COMPILER V9.51   OTHER                                                                 07/18/2014 08:58:26 PAGE 1   


C51 COMPILER V9.51, COMPILATION OF MODULE OTHER
OBJECT MODULE PLACED IN .\Other.obj
COMPILER INVOKED BY: D:\Program Files (x86)\keil\C51\BIN\C51.EXE ..\Library\Other.c BROWSE INCDIR(..\Library) DEBUG OBJE
                    -CTEXTEND PRINT(.\Other.lst) OBJECT(.\Other.obj)

line level    source

   1          /*---------------------------------------------------
   2                  Other.c (v1.00)
   3                  
   4                  其他程序
   5          ---------------------------------------------------*/
   6          
   7          #include "main.h"
   8          #include "port.h"
   9          
  10          #include "Other.h"
  11          #include "Delay.h"
  12          #include "communication.h"
  13          
  14          /*------- Public variable declarations --------------------------*/
  15          extern bit position_sensor_EN;                  //位置传感器，即倒地抬起传感器总开关，1的时候，检测这两个传感器
  16          extern bit fell_flag;                                           //判断主机倒下后，置1
  17          extern bit raised_flag;                                 //判断主机被抬起后，置1
  18          extern tByte sensor_trigger_count;              //传感器触发计数
  19          extern tByte sensor_1ststage_count;     //传感器第一阶段判断低电平的计数
  20          extern tWord sensor_3rdstage_time;                      //传感器进入第三阶段的时间，
  21          extern tByte sensor_3rdstage_effcount;          //传感器进入第三阶段后，有效触碰次数的计数
  22          extern tByte sensor_3rdstage_count;                     //传感器进入第三阶段后，低电平的计数
  23          extern tWord sensor_3rdstage_interval;          //传感器在第三阶段中，每次有效低电平计数之间的时间间隔。在这期间的
             -低电平不认为有效。
  24          extern tWord sensor_2ndstage_time;              //传感器进入第二阶段后流逝时间的计数
  25          extern tByte sensor_2ndstage_count;             //传感器进入第二阶段检测时，计算低电平的时间
  26          extern bit stolen_alarm_flag;                                   // when host been touch 3 times, this flag 1 before alarm voice present,
             - not to detect sensor for 1st voice alarm.
  27          extern bit host_stolen_alarm1_EN;      //判断为被盗报警后的第一段语音使能
  28          extern bit host_stolen_alarm2_EN;      //判断为被盗报警后的第二段语音使能
  29          extern tByte host_stolen_alarm1_count;          //判断为被盗报警后的第一段语音次数
  30          extern tByte host_stolen_alarm2_count;          //判断为被盗报警后的第二段语音次数
  31          extern bit raised_fell_flag;                                    //倒地或者抬起触发后，此标志位置1
  32          extern bit wire_broken_flag;                    // 剪断锁线的标志位
  33          extern tByte wire_broken_count;         // 作为断线后的时间检测
  34          extern bit battery_stolen_EN;                   // 作为电池被盗的使能端
  35          extern tByte battery_stolen_count;      // 作为电池被盗的报警次数
  36          extern bit sensor_EN;
  37          extern tByte enable_sensor_delay_count;         // 传感器延迟的时间
  38          extern bit enable_sensor_delayEN;
  39          
  40          /*-------------------------------------------------------
  41                  magnet_CW()
  42                  电磁铁正转，顺时针，将锁打开
  43          --------------------------------------------------------*/
  44          void magnet_CW(void)
  45                  {
  46   1              send_code_to_lock();
  47   1              
  48   1              MagentControl_1 = 0;
  49   1              MagentControl_2 = 1;
  50   1              magnet_delay_CW();
  51   1              MagentControl_1 = 1;
  52   1              MagentControl_2 = 1;
C51 COMPILER V9.51   OTHER                                                                 07/18/2014 08:58:26 PAGE 2   

  53   1              motor_lock = 0;
  54   1              }
  55          
  56          /*-------------------------------------------------------
  57                  magnet_CW_for_Unlock()
  58                  电磁铁正转，顺时针，将锁打开
  59          --------------------------------------------------------*/
  60          void magnet_CW_for_Unlock(void)
  61                  {
  62   1              send_code_to_lock_for_Unlock();
  63   1              
  64   1              MagentControl_1 = 1;
  65   1              MagentControl_2 = 0;
  66   1              magnet_delay_for_Unlock();
  67   1              MagentControl_1 = 1;
  68   1              MagentControl_2 = 1;
  69   1              motor_lock = 0;
  70   1              }
  71          
  72          /*-------------------------------------------------------
  73                  magnet_ACW()
  74                  电磁铁反转，逆时针，将锁关闭
  75          --------------------------------------------------------*/
  76          void magnet_ACW(void)
  77                  {
  78   1              motor_lock = 1;
  79   1              MagentControl_1 = 1;
  80   1              MagentControl_2 = 0;
  81   1              magnet_delay_ACW();
  82   1              MagentControl_1 = 1;
  83   1              MagentControl_2 = 1;
  84   1              }
  85                  
  86          /*----------------------------------------------------
  87                  disable_sensor()
  88                  打开振动传感器和三轴传感器，
  89          ----------------------------------------------------*/
  90          void disable_sensor(void)
  91                  {
  92   1              // disable position sensor(vertical and horizontal) and vibration sensor
  93   1              position_sensor_EN = 0; 
  94   1              sensor_EN = 0;
  95   1              // reset all the flag in sensor
  96   1              fell_flag=0;  
  97   1              raised_flag=0;
  98   1              sensor_trigger_count = 0;
  99   1              sensor_1ststage_count = 0;
 100   1              sensor_2ndstage_count = 0;
 101   1              sensor_2ndstage_time = 0;
 102   1              sensor_3rdstage_time = 0;
 103   1              sensor_3rdstage_interval = 0;
 104   1              sensor_3rdstage_count = 0;
 105   1              sensor_3rdstage_effcount = 0;
 106   1              stolen_alarm_flag = 0;
 107   1              host_stolen_alarm1_EN = 0;
 108   1              host_stolen_alarm1_count = 0;
 109   1              host_stolen_alarm2_EN = 0;
 110   1              host_stolen_alarm2_count = 0;
 111   1              
 112   1              raised_fell_flag = 0;
 113   1              
 114   1              // reset the wire broken count
C51 COMPILER V9.51   OTHER                                                                 07/18/2014 08:58:26 PAGE 3   

 115   1              wire_broken_count = 0;
 116   1              wire_broken_flag = 0;
 117   1              
 118   1              // reset battery stolen
 119   1              battery_stolen_EN = 0;
 120   1              battery_stolen_count = 0;       
 121   1              }
 122                  
 123          /*--------------------------------------------------------
 124                  enable_sensor()
 125                  打开传感器，使其偷盗
 126          ---------------------------------------------------------*/
 127          void enable_sensor(void)
 128                  {
 129   1              // enable position sensor(vertical and horizontal) and vibration sensor
 130   1              position_sensor_EN = 1; 
 131   1              sensor_EN = 1;
 132   1              // reset relatively sensor count
 133   1              sensor_trigger_count = 0;
 134   1              sensor_1ststage_count = 0;      
 135   1              enable_sensor_delayEN = 0;
 136   1              enable_sensor_delay_count = 0;  
 137   1              }
 138                  
 139          /*---------------------------------------------------
 140                  end of file
 141          ----------------------------------------------------*/


MODULE INFORMATION:   STATIC OVERLAYABLE
   CODE SIZE        =    114    ----
   CONSTANT SIZE    =   ----    ----
   XDATA SIZE       =   ----    ----
   PDATA SIZE       =   ----    ----
   DATA SIZE        =   ----    ----
   IDATA SIZE       =   ----    ----
   BIT SIZE         =   ----    ----
END OF MODULE INFORMATION.


C51 COMPILATION COMPLETE.  0 WARNING(S),  0 ERROR(S)
